<?xml version="1.0" encoding="UTF-8"?>
<!-- Generated by org.testng.reporters.JUnitReportReporter -->
<testsuite skipped="0" hostname="TYSS-MF-034" name="com.xml.SampleXml" tests="1" failures="0" timestamp="6 Nov 2017 10:00:52 GMT" time="2.308" errors="0">
  <testcase name="testGetRequestWithValidKey2" time="2.308" classname="com.xml.SampleXml"/>
</testsuite> <!-- com.xml.SampleXml -->
