<?xml version="1.0" encoding="UTF-8"?>
<!-- Generated by org.testng.reporters.JUnitReportReporter -->
<testsuite skipped="0" hostname="TYSS-MF-034" name="com.pack1.SampleTest" tests="1" failures="0" timestamp="6 Nov 2017 06:53:57 GMT" time="2.221" errors="0">
  <testcase name="testGetRequestWithValidKey" time="2.221" classname="com.pack1.SampleTest"/>
</testsuite> <!-- com.pack1.SampleTest -->
